# JRE version: Java(TM) SE Runtime Environment (8.0_261-b12) (build 1.8.0_261-b12)
# Java VM: Java HotSpot(TM) 64-Bit Server VM (25.261-b12 mixed mode windows-amd64 compressed oops)
Heap:
 PSYoungGen      total 2048K, used 1480K [0x00000000d6500000, 0x00000000d6780000, 0x0000000100000000)
  eden space 1536K, 96% used [0x00000000d6500000,0x00000000d66722d0,0x00000000d6680000)
  from space 512K, 0% used [0x00000000d6680000,0x00000000d6680000,0x00000000d6700000)
  to   space 512K, 0% used [0x00000000d6700000,0x00000000d6700000,0x00000000d6780000)
 ParOldGen       total 5632K, used 905K [0x0000000082e00000, 0x0000000083380000, 0x00000000d6500000)
  object space 5632K, 16% used [0x0000000082e00000,0x0000000082ee2638,0x0000000083380000)
 Metaspace       used 6718K, capacity 6870K, committed 7040K, reserved 1056768K
  class space    used 810K, capacity 885K, committed 896K, reserved 1048576K
GC Heap History (8 events):
Event: 0.247 GC heap before
{Heap before GC invocations=1 (full 0):
 PSYoungGen      total 2048K, used 1536K [0x00000000d6500000, 0x00000000d6780000, 0x0000000100000000)
  eden space 1536K, 100% used [0x00000000d6500000,0x00000000d6680000,0x00000000d6680000)
  from space 512K, 0% used [0x00000000d6700000,0x00000000d6700000,0x00000000d6780000)
  to   space 512K, 0% used [0x00000000d6680000,0x00000000d6680000,0x00000000d6700000)
 ParOldGen       total 5632K, used 0K [0x0000000082e00000, 0x0000000083380000, 0x00000000d6500000)
  object space 5632K, 0% used [0x0000000082e00000,0x0000000082e00000,0x0000000083380000)
 Metaspace       used 3914K, capacity 4620K, committed 4864K, reserved 1056768K
  class space    used 446K, capacity 490K, committed 512K, reserved 1048576K
Event: 0.248 GC heap after
Heap after GC invocations=1 (full 0):
 PSYoungGen      total 2048K, used 480K [0x00000000d6500000, 0x00000000d6780000, 0x0000000100000000)
  eden space 1536K, 0% used [0x00000000d6500000,0x00000000d6500000,0x00000000d6680000)
  from space 512K, 93% used [0x00000000d6680000,0x00000000d66f8020,0x00000000d6700000)
  to   space 512K, 0% used [0x00000000d6700000,0x00000000d6700000,0x00000000d6780000)
 ParOldGen       total 5632K, used 156K [0x0000000082e00000, 0x0000000083380000, 0x00000000d6500000)
  object space 5632K, 2% used [0x0000000082e00000,0x0000000082e27020,0x0000000083380000)
 Metaspace       used 3914K, capacity 4620K, committed 4864K, reserved 1056768K
  class space    used 446K, capacity 490K, committed 512K, reserved 1048576K
}
Event: 14.939 GC heap before
{Heap before GC invocations=2 (full 0):
 PSYoungGen      total 2048K, used 2016K [0x00000000d6500000, 0x00000000d6780000, 0x0000000100000000)
  eden space 1536K, 100% used [0x00000000d6500000,0x00000000d6680000,0x00000000d6680000)
  from space 512K, 93% used [0x00000000d6680000,0x00000000d66f8020,0x00000000d6700000)
  to   space 512K, 0% used [0x00000000d6700000,0x00000000d6700000,0x00000000d6780000)
 ParOldGen       total 5632K, used 156K [0x0000000082e00000, 0x0000000083380000, 0x00000000d6500000)
  object space 5632K, 2% used [0x0000000082e00000,0x0000000082e27020,0x0000000083380000)
 Metaspace       used 5984K, capacity 6124K, committed 6144K, reserved 1056768K
  class space    used 715K, capacity 765K, committed 768K, reserved 1048576K
Event: 14.940 GC heap after
Heap after GC invocations=2 (full 0):
 PSYoungGen      total 2048K, used 496K [0x00000000d6500000, 0x00000000d6780000, 0x0000000100000000)
  eden space 1536K, 0% used [0x00000000d6500000,0x00000000d6500000,0x00000000d6680000)
  from space 512K, 96% used [0x00000000d6700000,0x00000000d677c010,0x00000000d6780000)
  to   space 512K, 0% used [0x00000000d6680000,0x00000000d6680000,0x00000000d6700000)
 ParOldGen       total 5632K, used 500K [0x0000000082e00000, 0x0000000083380000, 0x00000000d6500000)
  object space 5632K, 8% used [0x0000000082e00000,0x0000000082e7d040,0x0000000083380000)
 Metaspace       used 5984K, capacity 6124K, committed 6144K, reserved 1056768K
  class space    used 715K, capacity 765K, committed 768K, reserved 1048576K
}
Event: 14.960 GC heap before
{Heap before GC invocations=3 (full 0):
 PSYoungGen      total 2048K, used 804K [0x00000000d6500000, 0x00000000d6780000, 0x0000000100000000)
  eden space 1536K, 20% used [0x00000000d6500000,0x00000000d654d330,0x00000000d6680000)
  from space 512K, 96% used [0x00000000d6700000,0x00000000d677c010,0x00000000d6780000)
  to   space 512K, 0% used [0x00000000d6680000,0x00000000d6680000,0x00000000d6700000)
 ParOldGen       total 5632K, used 500K [0x0000000082e00000, 0x0000000083380000, 0x00000000d6500000)
  object space 5632K, 8% used [0x0000000082e00000,0x0000000082e7d040,0x0000000083380000)
 Metaspace       used 6365K, capacity 6538K, committed 6784K, reserved 1056768K
  class space    used 765K, capacity 834K, committed 896K, reserved 1048576K
Event: 14.961 GC heap after
Heap after GC invocations=3 (full 0):
 PSYoungGen      total 2048K, used 512K [0x00000000d6500000, 0x00000000d6780000, 0x0000000100000000)
  eden space 1536K, 0% used [0x00000000d6500000,0x00000000d6500000,0x00000000d6680000)
  from space 512K, 100% used [0x00000000d6680000,0x00000000d6700000,0x00000000d6700000)
  to   space 512K, 0% used [0x00000000d6700000,0x00000000d6700000,0x00000000d6780000)
 ParOldGen       total 5632K, used 564K [0x0000000082e00000, 0x0000000083380000, 0x00000000d6500000)
  object space 5632K, 10% used [0x0000000082e00000,0x0000000082e8d040,0x0000000083380000)
 Metaspace       used 6365K, capacity 6538K, committed 6784K, reserved 1056768K
  class space    used 765K, capacity 834K, committed 896K, reserved 1048576K
}
Event: 14.961 GC heap before
{Heap before GC invocations=4 (full 1):
 PSYoungGen      total 2048K, used 512K [0x00000000d6500000, 0x00000000d6780000, 0x0000000100000000)
  eden space 1536K, 0% used [0x00000000d6500000,0x00000000d6500000,0x00000000d6680000)
  from space 512K, 100% used [0x00000000d6680000,0x00000000d6700000,0x00000000d6700000)
  to   space 512K, 0% used [0x00000000d6700000,0x00000000d6700000,0x00000000d6780000)
 ParOldGen       total 5632K, used 564K [0x0000000082e00000, 0x0000000083380000, 0x00000000d6500000)
  object space 5632K, 10% used [0x0000000082e00000,0x0000000082e8d040,0x0000000083380000)
 Metaspace       used 6365K, capacity 6538K, committed 6784K, reserved 1056768K
  class space    used 765K, capacity 834K, committed 896K, reserved 1048576K
Event: 14.969 GC heap after
Heap after GC invocations=4 (full 1):
 PSYoungGen      total 2048K, used 0K [0x00000000d6500000, 0x00000000d6780000, 0x0000000100000000)
  eden space 1536K, 0% used [0x00000000d6500000,0x00000000d6500000,0x00000000d6680000)
  from space 512K, 0% used [0x00000000d6680000,0x00000000d6680000,0x00000000d6700000)
  to   space 512K, 0% used [0x00000000d6700000,0x00000000d6700000,0x00000000d6780000)
 ParOldGen       total 5632K, used 905K [0x0000000082e00000, 0x0000000083380000, 0x00000000d6500000)
  object space 5632K, 16% used [0x0000000082e00000,0x0000000082ee2638,0x0000000083380000)
 Metaspace       used 6365K, capacity 6538K, committed 6784K, reserved 1056768K
  class space    used 765K, capacity 834K, committed 896K, reserved 1048576K
}

